<?xml version="1.0" encoding="UTF-8"?>
<!-- Generated by org.testng.reporters.JUnitXMLReporter -->
<testsuite ignored="0" hostname="SBALI" failures="0" tests="2" name="Default test" time="44.798" errors="0" timestamp="2025-03-23T20:35:59 IST">
  <testcase classname="com.orangeHRM.test.AdminPageTest" name="verifyRecordsAreUpdatedWithCorrectDetails" time="5.13"/>
  <testcase classname="com.orangeHRM.test.AdminPageTest" name="verifyRecordsAreEmptyIfNoRecordsArePresent" time="25.735"/>
</testsuite> <!-- Default test -->
