<?xml version="1.0" encoding="UTF-8"?>
<!-- Generated by org.testng.reporters.JUnitXMLReporter -->
<testsuite ignored="0" hostname="SBALI" failures="0" tests="2" name="Admin Test" time="43.124" errors="0" timestamp="2025-03-23T23:52:16 IST">
  <testcase classname="com.orangeHRM.test.AdminPageTest" name="verifyRecordsAreUpdatedWithCorrectDetails" time="5.156"/>
  <testcase classname="com.orangeHRM.test.AdminPageTest" name="verifyRecordsAreEmptyIfNoRecordsArePresent" time="25.741"/>
</testsuite> <!-- Admin Test -->
