<?xml version="1.0" encoding="UTF-8"?>
<!-- Generated by org.testng.reporters.JUnitXMLReporter -->
<testsuite ignored="0" hostname="SBALI" failures="0" tests="2" name="Login Test" time="12.443" errors="0" timestamp="2025-03-23T23:51:33 IST">
  <testcase classname="com.orangeHRM.test.LoginPageTest" name="verifyLoginWithInCorrectCredentials" time="1.601"/>
  <testcase classname="com.orangeHRM.test.LoginPageTest" name="verifyLoginWithCorrectCredentials" time="1.63"/>
</testsuite> <!-- Login Test -->
