<?xml version="1.0" encoding="UTF-8"?>
<testng-results ignored="0" total="4" passed="4" failed="0" skipped="0">
  <reporter-output>
  </reporter-output>
  <suite started-at="2025-03-23T23:51:20 IST" name="OrangeHRM Suite" finished-at="2025-03-23T23:52:16 IST" duration-ms="55594">
    <groups>
    </groups>
    <test started-at="2025-03-23T23:51:20 IST" name="Login Test" finished-at="2025-03-23T23:51:33 IST" duration-ms="12443">
      <class name="com.orangeHRM.test.LoginPageTest">
        <test-method is-config="true" signature="setupDriver()[pri:0, instance:com.orangeHRM.test.LoginPageTest@59474f18]" started-at="2025-03-23T23:51:20 IST" name="setupDriver" finished-at="2025-03-23T23:51:29 IST" duration-ms="9068" status="PASS">
          <reporter-output>
          </reporter-output>
        </test-method> <!-- setupDriver -->
        <test-method is-config="true" signature="setup()[pri:0, instance:com.orangeHRM.test.LoginPageTest@59474f18]" started-at="2025-03-23T23:51:29 IST" name="setup" finished-at="2025-03-23T23:51:29 IST" duration-ms="15" status="PASS">
          <reporter-output>
          </reporter-output>
        </test-method> <!-- setup -->
        <test-method signature="verifyLoginWithInCorrectCredentials()[pri:0, instance:com.orangeHRM.test.LoginPageTest@59474f18]" started-at="2025-03-23T23:51:29 IST" name="verifyLoginWithInCorrectCredentials" finished-at="2025-03-23T23:51:31 IST" duration-ms="1601" status="PASS">
          <reporter-output>
          </reporter-output>
        </test-method> <!-- verifyLoginWithInCorrectCredentials -->
        <test-method signature="verifyLoginWithCorrectCredentials()[pri:1, instance:com.orangeHRM.test.LoginPageTest@59474f18]" started-at="2025-03-23T23:51:31 IST" name="verifyLoginWithCorrectCredentials" finished-at="2025-03-23T23:51:33 IST" duration-ms="1630" status="PASS">
          <reporter-output>
          </reporter-output>
        </test-method> <!-- verifyLoginWithCorrectCredentials -->
        <test-method is-config="true" signature="tearDown()[pri:0, instance:com.orangeHRM.test.LoginPageTest@59474f18]" started-at="2025-03-23T23:51:33 IST" name="tearDown" finished-at="2025-03-23T23:51:33 IST" duration-ms="110" status="PASS">
          <reporter-output>
          </reporter-output>
        </test-method> <!-- tearDown -->
      </class> <!-- com.orangeHRM.test.LoginPageTest -->
    </test> <!-- Login Test -->
    <test started-at="2025-03-23T23:51:33 IST" name="Admin Test" finished-at="2025-03-23T23:52:16 IST" duration-ms="43124">
      <class name="com.orangeHRM.test.AdminPageTest">
        <test-method is-config="true" signature="loadConfig()[pri:0, instance:com.orangeHRM.test.AdminPageTest@10683d9d]" started-at="2025-03-23T23:51:20 IST" name="loadConfig" finished-at="2025-03-23T23:51:20 IST" duration-ms="12" status="PASS">
          <reporter-output>
          </reporter-output>
        </test-method> <!-- loadConfig -->
        <test-method is-config="true" signature="setupDriver()[pri:0, instance:com.orangeHRM.test.AdminPageTest@10683d9d]" started-at="2025-03-23T23:51:33 IST" name="setupDriver" finished-at="2025-03-23T23:51:39 IST" duration-ms="5943" status="PASS">
          <reporter-output>
          </reporter-output>
        </test-method> <!-- setupDriver -->
        <test-method is-config="true" signature="setup()[pri:0, instance:com.orangeHRM.test.AdminPageTest@10683d9d]" started-at="2025-03-23T23:51:39 IST" name="setup" finished-at="2025-03-23T23:51:42 IST" duration-ms="3395" status="PASS">
          <reporter-output>
          </reporter-output>
        </test-method> <!-- setup -->
        <test-method is-config="true" signature="naviagteToAdminPage()[pri:0, instance:com.orangeHRM.test.AdminPageTest@10683d9d]" started-at="2025-03-23T23:51:42 IST" name="naviagteToAdminPage" finished-at="2025-03-23T23:51:44 IST" duration-ms="1530" status="PASS">
          <reporter-output>
          </reporter-output>
        </test-method> <!-- naviagteToAdminPage -->
        <test-method signature="verifyRecordsAreUpdatedWithCorrectDetails()[pri:0, instance:com.orangeHRM.test.AdminPageTest@10683d9d]" started-at="2025-03-23T23:51:44 IST" name="verifyRecordsAreUpdatedWithCorrectDetails" finished-at="2025-03-23T23:51:49 IST" duration-ms="5156" status="PASS">
          <reporter-output>
          </reporter-output>
        </test-method> <!-- verifyRecordsAreUpdatedWithCorrectDetails -->
        <test-method is-config="true" signature="naviagteToAdminPage()[pri:0, instance:com.orangeHRM.test.AdminPageTest@10683d9d]" started-at="2025-03-23T23:51:49 IST" name="naviagteToAdminPage" finished-at="2025-03-23T23:51:50 IST" duration-ms="1235" status="PASS">
          <reporter-output>
          </reporter-output>
        </test-method> <!-- naviagteToAdminPage -->
        <test-method signature="verifyRecordsAreEmptyIfNoRecordsArePresent()[pri:1, instance:com.orangeHRM.test.AdminPageTest@10683d9d]" started-at="2025-03-23T23:51:50 IST" name="verifyRecordsAreEmptyIfNoRecordsArePresent" finished-at="2025-03-23T23:52:16 IST" duration-ms="25741" status="PASS">
          <reporter-output>
          </reporter-output>
        </test-method> <!-- verifyRecordsAreEmptyIfNoRecordsArePresent -->
        <test-method is-config="true" signature="tearDown()[pri:0, instance:com.orangeHRM.test.AdminPageTest@10683d9d]" started-at="2025-03-23T23:52:16 IST" name="tearDown" finished-at="2025-03-23T23:52:16 IST" duration-ms="121" status="PASS">
          <reporter-output>
          </reporter-output>
        </test-method> <!-- tearDown -->
      </class> <!-- com.orangeHRM.test.AdminPageTest -->
    </test> <!-- Admin Test -->
  </suite> <!-- OrangeHRM Suite -->
</testng-results>
